<?xml version="1.0" encoding="utf-8"?><testsuites name="pytest tests"><testsuite name="pytest" errors="0" failures="0" skipped="1" tests="46" time="7.712" timestamp="2026-06-27T19:38:19.439941+00:00" hostname="agent-env-4b6b4c0b-d67d-4881-b5a5-6c834998e310"><testcase classname="tests.backend_test.TestMisc" name="test_notifications" time="0.808" /><testcase classname="tests.backend_test.TestAuth" name="test_login_all_roles[admin]" time="0.761" /><testcase classname="tests.backend_test.TestAuth" name="test_login_all_roles[user_head]" time="0.298" /><testcase classname="tests.backend_test.TestMisc" name="test_search" time="0.710" /><testcase classname="tests.backend_test.TestAuth" name="test_login_all_roles[user_emp]" time="0.458" /><testcase classname="tests.backend_test.TestAuth" name="test_login_all_roles[cal_emp]" time="0.290" /><testcase classname="tests.backend_test.TestMisc" name="test_audit_logs_admin_only" time="0.287" /><testcase classname="tests.backend_test.TestAuth" name="test_login_all_roles[cal_head]" time="0.281" /><testcase classname="tests.backend_test.TestMisc" name="test_dashboards[/dashboard/admin-admin]" time="0.282" /><testcase classname="tests.backend_test.TestAuth" name="test_login_invalid_password" time="0.294" /><testcase classname="tests.backend_test.TestMisc" name="test_dashboards[/dashboard/user-user_emp]" time="0.294" /><testcase classname="tests.backend_test.TestAuth" name="test_login_invalid_user" time="0.282" /><testcase classname="tests.backend_test.TestMisc" name="test_dashboards[/dashboard/dept-head-user_head]" time="0.564" /><testcase classname="tests.backend_test.TestAuth" name="test_me_with_token" time="0.555" /><testcase classname="tests.backend_test.TestMisc" name="test_dashboards[/dashboard/calibration-cal_emp]" time="0.320" /><testcase classname="tests.backend_test.TestAuth" name="test_me_without_token" time="0.318" /><testcase classname="tests.backend_test.TestMisc" name="test_dashboards[/dashboard/cal-head-cal_head]" time="0.546" /><testcase classname="tests.backend_test.TestRequestFlow" name="test_user_creates_request" time="0.362" /><testcase classname="tests.backend_test.TestUsersAdmin" name="test_list_users_admin" time="0.046" /><testcase classname="tests.backend_test.TestUsersAdmin" name="test_create_user" time="0.314" /><testcase classname="tests.backend_test.TestRequestFlow" name="test_user_cannot_approve_own_request" time="0.235" /><testcase classname="tests.backend_test.TestRequestFlow" name="test_reject_without_remarks_400" time="0.332" /><testcase classname="tests.backend_test.TestUsersAdmin" name="test_update_user" time="0.247" /><testcase classname="tests.backend_test.TestUsersAdmin" name="test_lock_unlock_user" time="0.103" /><testcase classname="tests.backend_test.TestRequestFlow" name="test_user_head_approves" time="0.062" /><testcase classname="tests.backend_test.TestUsersAdmin" name="test_delete_user_cleanup" time="0.046" /><testcase classname="tests.backend_test.TestRequestFlow" name="test_cal_emp_approves" time="0.344" /><testcase classname="tests.backend_test.TestUsersAdmin" name="test_non_admin_cannot_delete_user" time="0.250" /><testcase classname="tests.backend_test.TestMovement" name="test_send_to_calibration" time="0.388" /><testcase classname="tests.backend_test.TestRequestFlow" name="test_cal_head_final_approves_creates_gauge" time="0.348" /><testcase classname="tests.backend_test.TestMovement" name="test_pending_movement_listed" time="0.048" /><testcase classname="tests.backend_test.TestRequestFlow" name="test_new_gauge_in_master_list" time="0.066" /><testcase classname="tests.backend_test.TestMovement" name="test_receive_movement" time="0.088" /><testcase classname="tests.backend_test.TestExports" name="test_export_gauges_xlsx" time="0.993" /><testcase classname="tests.backend_test.TestMovement" name="test_return_to_user" time="0.095" /><testcase classname="tests.backend_test.TestHealth" name="test_root" time="0.830" /><testcase classname="tests.backend_test.TestHealth" name="test_health" time="0.043" /><testcase classname="tests.backend_test.TestExports" name="test_export_requests_xlsx" time="0.058" /><testcase classname="tests.backend_test.TestGauges" name="test_list_gauges_enriched" time="0.048" /><testcase classname="tests.backend_test.TestExports" name="test_export_calibration_pdf" time="0.096"><skipped type="pytest.skip" message="no calibration reports">/app/backend/tests/backend_test.py:386: no calibration reports</skipped></testcase><testcase classname="tests.backend_test.TestGauges" name="test_gauge_details" time="0.096" /><testcase classname="tests.backend_test.TestMissingFlow" name="test_user_reports_missing" time="0.148" /><testcase classname="tests.backend_test.TestCalibration" name="test_cal_emp_creates_report" time="0.133" /><testcase classname="tests.backend_test.TestMissingFlow" name="test_missing_flow_to_closed" time="0.225" /><testcase classname="tests.backend_test.TestCalibration" name="test_cal_head_approves_updates_gauge" time="0.099" /><testcase classname="tests.backend_test.TestDepartments" name="test_list_departments" time="0.053" /></testsuite></testsuites>